info: Application started.
info: Package Limit: 81
info: Package Limit: 8
info: Package Limit: 75
info: Package Limit: 56
info: Result:
info: Application finished.
info: Application started.
info: Package Limit: 81
info: Result:
info: Package Limit: 8
info: Result:
info: Package Limit: 75
info: Result:
info: Package Limit: 56
info: Result:
info: Result:
info: Application finished.
info: Application started.
info: Package Limit: 81
info: Result:
info: Package Limit: 8
info: Result:
info: Package Limit: 75
info: Result:
info: Package Limit: 56
info: Result:
info: Result:
info: Application finished.
info: Application started.
info: Package Limit: 81
info: Result: 4
info: Package Limit: 8
info: Result: 
info: Package Limit: 75
info: Result: 2,7
info: Package Limit: 56
info: Result: 8,9
info: Result: 4
-
2,7
8,9
info: Application finished.
info: Package Limit: 81
info: Package Limit: 8
info: Package Limit: 75
info: Package Limit: 56
info: Package Limit: 81
info: Package Limit: 8
info: Package Limit: 75
info: Package Limit: 56
info: Package Limit: 81
info: Package Limit: 8
info: Package Limit: 75
info: Package Limit: 56
info: Package Limit: 81
info: Package Limit: 8
info: Package Limit: 75
info: Package Limit: 56
info: Application finished.
info: Package Limit: 81
info: Package Limit: 8
info: Package Limit: 75
info: Package Limit: 56
info: Application finished.
info: Package Limit: 81
info: Package Limit: 8
info: Package Limit: 75
info: Package Limit: 56
info: Application finished.
info: Package Limit: 81
info: Package Limit: 8
info: Package Limit: 75
info: Package Limit: 56
info: Application finished.
info: Package Limit: 81
info: Package Limit: 8
info: Package Limit: 75
info: Package Limit: 56
info: Application finished.
info: Package Limit: 81
info: Package Limit: 8
info: Package Limit: 75
info: Package Limit: 56
